
Nov 28, 2019 14:26:44.74 NEW SESSION
Nov 28, 2019 14:26:44.74 /usr/bin/firefox

Dec 24, 2019 10:54:14.66 NEW SESSION
Dec 24, 2019 10:54:14.66 /usr/bin/firefox

Dec 27, 2019 15:42:24.45 NEW SESSION
Dec 27, 2019 15:42:24.45 /usr/bin/firefox

Jan 23, 2020 11:40:39.47 NEW SESSION
Jan 23, 2020 11:40:39.47 /usr/bin/firefox

Jan 26, 2020 10:21:23.29 NEW SESSION
Jan 26, 2020 10:21:23.29 /usr/bin/firefox

Jan 30, 2020 15:03:20.29 NEW SESSION
Jan 30, 2020 15:03:20.29 /usr/bin/firefox

Feb 04, 2020 19:18:05.95 NEW SESSION
Feb 04, 2020 19:18:05.95 /usr/bin/firefox

Mar 17, 2020 14:05:03.83 NEW SESSION
Mar 17, 2020 14:05:03.83 /usr/bin/firefox

Mar 17, 2020 15:33:53.93 NEW SESSION
Mar 17, 2020 15:33:53.93 /usr/bin/firefox

Mar 21, 2020 16:22:29.25 NEW SESSION
Mar 21, 2020 16:22:29.25 /usr/bin/firefox

Apr 01, 2020 11:42:07.86 NEW SESSION
Apr 01, 2020 11:42:07.86 /usr/bin/firefox
